Change Component Designator: Old Designator=C2 New Designator=C?
Change Component Designator: Old Designator=C3 New Designator=C?
Change Component Designator: Old Designator=DS9 New Designator=DS?
Change Component Designator: Old Designator=DS10 New Designator=DS?
Change Component Designator: Old Designator=DS11 New Designator=DS?
Change Component Designator: Old Designator=DS12 New Designator=DS?
Change Component Designator: Old Designator=DS13 New Designator=DS?
Change Component Designator: Old Designator=DS14 New Designator=DS?
Change Component Designator: Old Designator=DS15 New Designator=DS?
Change Component Designator: Old Designator=DS16 New Designator=DS?
Change Component Designator: Old Designator=J4 New Designator=J?
Change Component Designator: Old Designator=J5 New Designator=J?
Change Component Designator: Old Designator=P3 New Designator=P?
Change Component Designator: Old Designator=P4 New Designator=P?
Change Component Designator: Old Designator=P5 New Designator=P?
Change Component Designator: Old Designator=P6 New Designator=P?
Change Component Designator: Old Designator=R9 New Designator=R?
Change Component Designator: Old Designator=R10 New Designator=R?
Change Component Designator: Old Designator=R11 New Designator=R?
Change Component Designator: Old Designator=R12 New Designator=R?
Change Component Designator: Old Designator=R13 New Designator=R?
Change Component Designator: Old Designator=R14 New Designator=R?
Change Component Designator: Old Designator=R15 New Designator=R?
Change Component Designator: Old Designator=R16 New Designator=R?
Change Component Designator: Old Designator=U27 New Designator=U?
Change Component Designator: Old Designator=U27 New Designator=U?
Change Component Designator: Old Designator=U28 New Designator=U?
Change Component Designator: Old Designator=U28 New Designator=U?
Change Component Designator: Old Designator=U29 New Designator=U?
Change Component Designator: Old Designator=U29 New Designator=U?
Change Component Designator: Old Designator=U29 New Designator=U?
