Change Component Designator: Old Designator=C? New Designator=C1
Change Component Designator: Old Designator=C? New Designator=C2
Change Component Designator: Old Designator=DS? New Designator=DS1
Change Component Designator: Old Designator=DS? New Designator=DS2
Change Component Designator: Old Designator=DS? New Designator=DS3
Change Component Designator: Old Designator=DS? New Designator=DS4
Change Component Designator: Old Designator=DS? New Designator=DS5
Change Component Designator: Old Designator=DS? New Designator=DS6
Change Component Designator: Old Designator=DS? New Designator=DS7
Change Component Designator: Old Designator=DS? New Designator=DS8
Change Component Designator: Old Designator=J? New Designator=J1
Change Component Designator: Old Designator=J? New Designator=J2
Change Component Designator: Old Designator=P? New Designator=P1
Change Component Designator: Old Designator=P? New Designator=P2
Change Component Designator: Old Designator=P? New Designator=P3
Change Component Designator: Old Designator=P? New Designator=P4
Change Component Designator: Old Designator=R? New Designator=R1
Change Component Designator: Old Designator=R? New Designator=R2
Change Component Designator: Old Designator=R? New Designator=R3
Change Component Designator: Old Designator=R? New Designator=R4
Change Component Designator: Old Designator=R? New Designator=R5
Change Component Designator: Old Designator=R? New Designator=R6
Change Component Designator: Old Designator=R? New Designator=R7
Change Component Designator: Old Designator=R? New Designator=R8
Change Component Designator: Old Designator=U? New Designator=U1
Change Component Designator: Old Designator=U? New Designator=U2
Change Component Designator: Old Designator=U? New Designator=U3
Change Component Designator: Old Designator=U? New Designator=U1
Change Component Designator: Old Designator=U? New Designator=U2
Change Component Designator: Old Designator=U? New Designator=U3
Change Component Designator: Old Designator=U? New Designator=U3
